<?xml version="1.0" encoding="UTF-8"?>
<!-- Generated by org.testng.reporters.JUnitXMLReporter -->
<testsuite ignored="0" hostname="DESKTOP-GM99TT4" failures="0" tests="14" name="TestNGTest1" time="275.113" errors="0" timestamp="15 Apr 2021 20:33:37 GMT">
  <testcase classname="com.testCases.JMB_CALogin_006" name="loginInvalidUsernameAndPassword" time="2.64"/>
  <testcase classname="com.testCases.JMB_CALogin_010" name="loginValidUsernameAndPassword" time="8.805"/>
  <testcase classname="com.testCases.JMB_DB_018" name="testFollowCompanyButtonScenario3" time="7.967"/>
  <testcase classname="com.testCases.JMB_CALogin_009" name="primaryContentIsDisplayed" time="1.954"/>
  <testcase classname="com.testCases.JMB_DB_017" name="testFollowCompanyButtonScenario2" time="7.75"/>
  <testcase classname="com.testCases.JMB_CALogin_008" name="clickOnForgotPasswordLink" time="2.768"/>
  <testcase classname="com.testCases.JMB_DB_016" name="testFollowCompanyButtonScenario1" time="7.808"/>
  <testcase classname="com.testCases.JMB_CALogin_007" name="clickOnSignUpLinktest" time="6.03"/>
  <testcase classname="com.testCases.JMB_DB_014" name="testJobLocationVisible" time="5.459"/>
  <testcase classname="com.testCases.JMB_DB_015" name="testCompanyLogo" time="11.316"/>
  <testcase classname="com.testCases.JMB_DB_012" name="testFirstJobTitleLink" time="6.882"/>
  <testcase classname="com.testCases.JMB_DB_013" name="testCompanyNameVisible" time="9.048"/>
  <testcase classname="com.testCases.JMB_DB_010" name="logouttest" time="6.234"/>
  <testcase classname="com.testCases.JMB_DB_011" name="testJomboneLink" time="8.443"/>
</testsuite> <!-- TestNGTest1 -->
