<?xml version="1.0" encoding="UTF-8"?>
<!-- Generated by org.testng.reporters.JUnitXMLReporter -->
<testsuite hostname="Jeyakanths-MacBook-Air.local" ignored="0" name="TestNGTest1" tests="10" failures="0" timestamp="16 Nov 2021 19:39:45 GMT" time="59.332" errors="0">
  <testcase name="testCandidateSignUpLink" time="1.457" classname="com.testCases.JMB_CASignUp_001"/>
  <testcase name="testCA_firstName_chars_space" time="2.449" classname="com.testCases.JMB_CASignUp_002"/>
  <testcase name="testCA_firstName_SpecialChars" time="1.805" classname="com.testCases.JMB_CASignUp_003"/>
  <testcase name="testCA_firstName_Blank" time="1.904" classname="com.testCases.JMB_CASignUp_004"/>
  <testcase name="testCA_firstName_NoLonger50" time="1.96" classname="com.testCases.JMB_CASignUp_005"/>
  <testcase name="testCA_firstName_Longer_than_50" time="1.731" classname="com.testCases.JMB_CASignUp_006"/>
  <testcase name="testCA_firstName_Numbers" time="1.891" classname="com.testCases.JMB_CASignUp_007"/>
  <testcase name="testCA_lastName_chars_space" time="1.74" classname="com.testCases.JMB_CASignUp_008"/>
  <testcase name="testCA_lastName_SpecialChars" time="1.834" classname="com.testCases.JMB_CASignUp_009"/>
  <testcase name="testCA_lastName_Blank" time="2.726" classname="com.testCases.JMB_CASignUp_010"/>
</testsuite> <!-- TestNGTest1 -->
