<?xml version="1.0" encoding="UTF-8"?>
<!-- Generated by org.testng.reporters.JUnitXMLReporter -->
<testsuite hostname="DESKTOP-FTMUNKK" ignored="0" name="Test" tests="12" failures="0" timestamp="31 May 2021 14:16:36 GMT" time="93.546" errors="0">
  <testcase name="InvalidpwdLogintest" time="2.999" classname="com.testCases.JMB_CALogin_004"/>
  <testcase name="InvalidEmailLogintest" time="1.441" classname="com.testCases.JMB_CALogin_005"/>
  <testcase name="InvalidEmailpwdLogintest" time="2.085" classname="com.testCases.JMB_CALogin_006"/>
  <testcase name="SignUpLogintest" time="1.825" classname="com.testCases.JMB_CALogin_007"/>
  <testcase name="ForgotPasswordtest" time="1.02" classname="com.testCases.JMB_CALogin_008"/>
  <testcase name="CompanyLoginTest" time="2.201" classname="com.testCases.JMB_CALogin_009"/>
  <testcase name="CompanyValidLogintest" time="7.958" classname="com.testCases.JMB_CALogin_010"/>
  <testcase name="InvalidEmailCompanyLogintest" time="1.36" classname="com.testCases.JMB_CALogin_011"/>
  <testcase name="InvalidpwdCompanyLogintest" time="1.664" classname="com.testCases.JMB_CALogin_012"/>
  <testcase name="InvalidEmailpwdCompanyLogintest" time="5.571" classname="com.testCases.JMB_CALogin_013"/>
  <testcase name="BlankEmailIdLogintest" time="2.51" classname="com.testCases.JMB_CALogin_002"/>
  <testcase name="BlankpwdLogintest" time="1.494" classname="com.testCases.JMB_CALogin_003"/>
</testsuite> <!-- Test -->
