<?xml version="1.0" encoding="UTF-8"?>
<testsuite xmlns:xsi="http://www.w3.org/2001/XMLSchema-instance" xsi:schemaLocation="https://maven.apache.org/surefire/maven-surefire-plugin/xsd/surefire-test-report.xsd" name="TestSuite" time="276.433" tests="14" errors="0" skipped="0" failures="0">
  <properties>
[...]
</properties>
  <testcase name="loginInvalidUsernameAndPassword" classname="com.testCases.JMB_CALogin_006" time="2.659"/>
  <testcase name="loginValidUsernameAndPassword" classname="com.testCases.JMB_CALogin_010" time="8.805"/>
  <testcase name="testFollowCompanyButtonScenario3" classname="com.testCases.JMB_DB_018" time="7.968"/>
  <testcase name="primaryContentIsDisplayed" classname="com.testCases.JMB_CALogin_009" time="1.955"/>
  <testcase name="testFollowCompanyButtonScenario2" classname="com.testCases.JMB_DB_017" time="7.75"/>
  <testcase name="clickOnForgotPasswordLink" classname="com.testCases.JMB_CALogin_008" time="2.769"/>
  <testcase name="testFollowCompanyButtonScenario1" classname="com.testCases.JMB_DB_016" time="7.81"/>
  <testcase name="clickOnSignUpLinktest" classname="com.testCases.JMB_CALogin_007" time="6.03"/>
  <testcase name="testJobLocationVisible" classname="com.testCases.JMB_DB_014" time="5.461"/>
  <testcase name="testCompanyLogo" classname="com.testCases.JMB_DB_015" time="11.315"/>
  <testcase name="testFirstJobTitleLink" classname="com.testCases.JMB_DB_012" time="6.883"/>
  <testcase name="testCompanyNameVisible" classname="com.testCases.JMB_DB_013" time="9.048"/>
  <testcase name="logouttest" classname="com.testCases.JMB_DB_010" time="6.235"/>
  <testcase name="testJomboneLink" classname="com.testCases.JMB_DB_011" time="8.444"/>
</testsuite>