<?xml version="1.0" encoding="UTF-8"?>
<testng-results ignored="0" total="14" passed="14" failed="0" skipped="0">
  <reporter-output>
  </reporter-output>
  <suite started-at="2021-04-15T20:29:02Z" name="JomboneTestSuite" finished-at="2021-04-15T20:33:37Z" duration-ms="275113">
    <groups>
    </groups>
    <test started-at="2021-04-15T20:29:02Z" name="TestNGTest1" finished-at="2021-04-15T20:33:37Z" duration-ms="275113">
      <class name="com.testCases.JMB_DB_018">
        <test-method is-config="true" signature="setup()[pri:0, instance:com.testCases.JMB_DB_018@a1153bc]" started-at="2021-04-15T20:29:43Z" name="setup" finished-at="2021-04-15T20:29:54Z" duration-ms="11600" status="PASS">
          <reporter-output>
          </reporter-output>
        </test-method> <!-- setup -->
        <test-method signature="testFollowCompanyButtonScenario3()[pri:1, instance:com.testCases.JMB_DB_018@a1153bc]" started-at="2021-04-15T20:29:54Z" name="testFollowCompanyButtonScenario3" finished-at="2021-04-15T20:30:02Z" duration-ms="7967" status="PASS">
          <reporter-output>
          </reporter-output>
        </test-method> <!-- testFollowCompanyButtonScenario3 -->
        <test-method is-config="true" signature="tearDown()[pri:0, instance:com.testCases.JMB_DB_018@a1153bc]" started-at="2021-04-15T20:30:02Z" name="tearDown" finished-at="2021-04-15T20:30:03Z" duration-ms="861" status="PASS">
          <reporter-output>
          </reporter-output>
        </test-method> <!-- tearDown -->
      </class> <!-- com.testCases.JMB_DB_018 -->
      <class name="com.testCases.JMB_CALogin_010">
        <test-method is-config="true" signature="setup()[pri:0, instance:com.testCases.JMB_CALogin_010@3270d194]" started-at="2021-04-15T20:29:20Z" name="setup" finished-at="2021-04-15T20:29:33Z" duration-ms="12922" status="PASS">
          <reporter-output>
          </reporter-output>
        </test-method> <!-- setup -->
        <test-method signature="loginValidUsernameAndPassword(java.lang.String, java.lang.String, java.lang.String)[pri:0, instance:com.testCases.JMB_CALogin_010@3270d194]" started-at="2021-04-15T20:29:33Z" name="loginValidUsernameAndPassword" data-provider="LoginData" finished-at="2021-04-15T20:29:42Z" duration-ms="8805" status="PASS">
          <params>
            <param index="0">
              <value>
                <![CDATA[staff@mailinator.com]]>
              </value>
            </param>
            <param index="1">
              <value>
                <![CDATA[5X[*GbpQ>#]]>
              </value>
            </param>
            <param index="2">
              <value>
                <![CDATA[Valid]]>
              </value>
            </param>
          </params>
          <reporter-output>
          </reporter-output>
        </test-method> <!-- loginValidUsernameAndPassword -->
        <test-method is-config="true" signature="tearDown()[pri:0, instance:com.testCases.JMB_CALogin_010@3270d194]" started-at="2021-04-15T20:29:42Z" name="tearDown" finished-at="2021-04-15T20:29:43Z" duration-ms="843" status="PASS">
          <reporter-output>
          </reporter-output>
        </test-method> <!-- tearDown -->
      </class> <!-- com.testCases.JMB_CALogin_010 -->
      <class name="com.testCases.JMB_DB_015">
        <test-method is-config="true" signature="setup()[pri:0, instance:com.testCases.JMB_DB_015@692f203f]" started-at="2021-04-15T20:31:53Z" name="setup" finished-at="2021-04-15T20:32:05Z" duration-ms="12323" status="PASS">
          <reporter-output>
          </reporter-output>
        </test-method> <!-- setup -->
        <test-method signature="testCompanyLogo()[pri:1, instance:com.testCases.JMB_DB_015@692f203f]" started-at="2021-04-15T20:32:05Z" name="testCompanyLogo" finished-at="2021-04-15T20:32:16Z" duration-ms="11316" status="PASS">
          <reporter-output>
          </reporter-output>
        </test-method> <!-- testCompanyLogo -->
        <test-method is-config="true" signature="tearDown()[pri:0, instance:com.testCases.JMB_DB_015@692f203f]" started-at="2021-04-15T20:32:16Z" name="tearDown" finished-at="2021-04-15T20:32:17Z" duration-ms="893" status="PASS">
          <reporter-output>
          </reporter-output>
        </test-method> <!-- tearDown -->
      </class> <!-- com.testCases.JMB_DB_015 -->
      <class name="com.testCases.JMB_CALogin_009">
        <test-method is-config="true" signature="setup()[pri:0, instance:com.testCases.JMB_CALogin_009@55182842]" started-at="2021-04-15T20:30:03Z" name="setup" finished-at="2021-04-15T20:30:16Z" duration-ms="12916" status="PASS">
          <reporter-output>
          </reporter-output>
        </test-method> <!-- setup -->
        <test-method signature="primaryContentIsDisplayed()[pri:1, instance:com.testCases.JMB_CALogin_009@55182842]" started-at="2021-04-15T20:30:16Z" name="primaryContentIsDisplayed" finished-at="2021-04-15T20:30:18Z" duration-ms="1954" status="PASS">
          <reporter-output>
          </reporter-output>
        </test-method> <!-- primaryContentIsDisplayed -->
        <test-method is-config="true" signature="tearDown()[pri:0, instance:com.testCases.JMB_CALogin_009@55182842]" started-at="2021-04-15T20:30:18Z" name="tearDown" finished-at="2021-04-15T20:30:19Z" duration-ms="812" status="PASS">
          <reporter-output>
          </reporter-output>
        </test-method> <!-- tearDown -->
      </class> <!-- com.testCases.JMB_CALogin_009 -->
      <class name="com.testCases.JMB_DB_014">
        <test-method is-config="true" signature="setup()[pri:0, instance:com.testCases.JMB_DB_014@4c583ecf]" started-at="2021-04-15T20:31:35Z" name="setup" finished-at="2021-04-15T20:31:46Z" duration-ms="11716" status="PASS">
          <reporter-output>
          </reporter-output>
        </test-method> <!-- setup -->
        <test-method signature="testJobLocationVisible()[pri:1, instance:com.testCases.JMB_DB_014@4c583ecf]" started-at="2021-04-15T20:31:46Z" name="testJobLocationVisible" finished-at="2021-04-15T20:31:52Z" duration-ms="5459" status="PASS">
          <reporter-output>
          </reporter-output>
        </test-method> <!-- testJobLocationVisible -->
        <test-method is-config="true" signature="tearDown()[pri:0, instance:com.testCases.JMB_DB_014@4c583ecf]" started-at="2021-04-15T20:31:52Z" name="tearDown" finished-at="2021-04-15T20:31:53Z" duration-ms="782" status="PASS">
          <reporter-output>
          </reporter-output>
        </test-method> <!-- tearDown -->
      </class> <!-- com.testCases.JMB_DB_014 -->
      <class name="com.testCases.JMB_CALogin_008">
        <test-method is-config="true" signature="setup()[pri:0, instance:com.testCases.JMB_CALogin_008@55141def]" started-at="2021-04-15T20:30:39Z" name="setup" finished-at="2021-04-15T20:30:51Z" duration-ms="11579" status="PASS">
          <reporter-output>
          </reporter-output>
        </test-method> <!-- setup -->
        <test-method signature="clickOnForgotPasswordLink()[pri:1, instance:com.testCases.JMB_CALogin_008@55141def]" started-at="2021-04-15T20:30:51Z" name="clickOnForgotPasswordLink" finished-at="2021-04-15T20:30:53Z" duration-ms="2768" status="PASS">
          <reporter-output>
          </reporter-output>
        </test-method> <!-- clickOnForgotPasswordLink -->
        <test-method is-config="true" signature="tearDown()[pri:0, instance:com.testCases.JMB_CALogin_008@55141def]" started-at="2021-04-15T20:30:53Z" name="tearDown" finished-at="2021-04-15T20:30:54Z" duration-ms="773" status="PASS">
          <reporter-output>
          </reporter-output>
        </test-method> <!-- tearDown -->
      </class> <!-- com.testCases.JMB_CALogin_008 -->
      <class name="com.testCases.JMB_CALogin_007">
        <test-method is-config="true" signature="setup()[pri:0, instance:com.testCases.JMB_CALogin_007@47eaca72]" started-at="2021-04-15T20:31:15Z" name="setup" finished-at="2021-04-15T20:31:28Z" duration-ms="12946" status="PASS">
          <reporter-output>
          </reporter-output>
        </test-method> <!-- setup -->
        <test-method signature="clickOnSignUpLinktest()[pri:1, instance:com.testCases.JMB_CALogin_007@47eaca72]" started-at="2021-04-15T20:31:28Z" name="clickOnSignUpLinktest" finished-at="2021-04-15T20:31:34Z" duration-ms="6030" status="PASS">
          <reporter-output>
          </reporter-output>
        </test-method> <!-- clickOnSignUpLinktest -->
        <test-method is-config="true" signature="tearDown()[pri:0, instance:com.testCases.JMB_CALogin_007@47eaca72]" started-at="2021-04-15T20:31:34Z" name="tearDown" finished-at="2021-04-15T20:31:35Z" duration-ms="746" status="PASS">
          <reporter-output>
          </reporter-output>
        </test-method> <!-- tearDown -->
      </class> <!-- com.testCases.JMB_CALogin_007 -->
      <class name="com.testCases.JMB_DB_017">
        <test-method is-config="true" signature="setup()[pri:0, instance:com.testCases.JMB_DB_017@7b2bbc3]" started-at="2021-04-15T20:30:19Z" name="setup" finished-at="2021-04-15T20:30:30Z" duration-ms="11633" status="PASS">
          <reporter-output>
          </reporter-output>
        </test-method> <!-- setup -->
        <test-method signature="testFollowCompanyButtonScenario2()[pri:1, instance:com.testCases.JMB_DB_017@7b2bbc3]" started-at="2021-04-15T20:30:30Z" name="testFollowCompanyButtonScenario2" finished-at="2021-04-15T20:30:38Z" duration-ms="7750" status="PASS">
          <reporter-output>
          </reporter-output>
        </test-method> <!-- testFollowCompanyButtonScenario2 -->
        <test-method is-config="true" signature="tearDown()[pri:0, instance:com.testCases.JMB_DB_017@7b2bbc3]" started-at="2021-04-15T20:30:38Z" name="tearDown" finished-at="2021-04-15T20:30:39Z" duration-ms="868" status="PASS">
          <reporter-output>
          </reporter-output>
        </test-method> <!-- tearDown -->
      </class> <!-- com.testCases.JMB_DB_017 -->
      <class name="com.testCases.JMB_CALogin_006">
        <test-method is-config="true" signature="setup()[pri:0, instance:com.testCases.JMB_CALogin_006@1aafa419]" started-at="2021-04-15T20:29:02Z" name="setup" finished-at="2021-04-15T20:29:15Z" duration-ms="13048" status="PASS">
          <reporter-output>
          </reporter-output>
        </test-method> <!-- setup -->
        <test-method signature="loginInvalidUsernameAndPassword(java.lang.String, java.lang.String, java.lang.String)[pri:0, instance:com.testCases.JMB_CALogin_006@1aafa419]" started-at="2021-04-15T20:29:16Z" name="loginInvalidUsernameAndPassword" data-provider="LoginData" finished-at="2021-04-15T20:29:19Z" duration-ms="2640" status="PASS">
          <params>
            <param index="0">
              <value>
                <![CDATA[anithaperumalsamy@gmail.com]]>
              </value>
            </param>
            <param index="1">
              <value>
                <![CDATA[anitha17068]]>
              </value>
            </param>
            <param index="2">
              <value>
                <![CDATA[InValid]]>
              </value>
            </param>
          </params>
          <reporter-output>
          </reporter-output>
        </test-method> <!-- loginInvalidUsernameAndPassword -->
        <test-method is-config="true" signature="tearDown()[pri:0, instance:com.testCases.JMB_CALogin_006@1aafa419]" started-at="2021-04-15T20:29:19Z" name="tearDown" finished-at="2021-04-15T20:29:20Z" duration-ms="800" status="PASS">
          <reporter-output>
          </reporter-output>
        </test-method> <!-- tearDown -->
      </class> <!-- com.testCases.JMB_CALogin_006 -->
      <class name="com.testCases.JMB_DB_016">
        <test-method is-config="true" signature="setup()[pri:0, instance:com.testCases.JMB_DB_016@48f2bd5b]" started-at="2021-04-15T20:30:54Z" name="setup" finished-at="2021-04-15T20:31:06Z" duration-ms="12188" status="PASS">
          <reporter-output>
          </reporter-output>
        </test-method> <!-- setup -->
        <test-method signature="testFollowCompanyButtonScenario1()[pri:1, instance:com.testCases.JMB_DB_016@48f2bd5b]" started-at="2021-04-15T20:31:06Z" name="testFollowCompanyButtonScenario1" finished-at="2021-04-15T20:31:14Z" duration-ms="7808" status="PASS">
          <reporter-output>
          </reporter-output>
        </test-method> <!-- testFollowCompanyButtonScenario1 -->
        <test-method is-config="true" signature="tearDown()[pri:0, instance:com.testCases.JMB_DB_016@48f2bd5b]" started-at="2021-04-15T20:31:14Z" name="tearDown" finished-at="2021-04-15T20:31:15Z" duration-ms="775" status="PASS">
          <reporter-output>
          </reporter-output>
        </test-method> <!-- tearDown -->
      </class> <!-- com.testCases.JMB_DB_016 -->
      <class name="com.testCases.JMB_DB_011">
        <test-method is-config="true" signature="setup()[pri:0, instance:com.testCases.JMB_DB_011@7c7b252e]" started-at="2021-04-15T20:33:16Z" name="setup" finished-at="2021-04-15T20:33:28Z" duration-ms="11632" status="PASS">
          <reporter-output>
          </reporter-output>
        </test-method> <!-- setup -->
        <test-method signature="testJomboneLink()[pri:1, instance:com.testCases.JMB_DB_011@7c7b252e]" started-at="2021-04-15T20:33:28Z" name="testJomboneLink" finished-at="2021-04-15T20:33:36Z" duration-ms="8443" status="PASS">
          <reporter-output>
          </reporter-output>
        </test-method> <!-- testJomboneLink -->
        <test-method is-config="true" signature="tearDown()[pri:0, instance:com.testCases.JMB_DB_011@7c7b252e]" started-at="2021-04-15T20:33:36Z" name="tearDown" finished-at="2021-04-15T20:33:37Z" duration-ms="846" status="PASS">
          <reporter-output>
          </reporter-output>
        </test-method> <!-- tearDown -->
      </class> <!-- com.testCases.JMB_DB_011 -->
      <class name="com.testCases.JMB_DB_010">
        <test-method is-config="true" signature="setup()[pri:0, instance:com.testCases.JMB_DB_010@7cc0cdad]" started-at="2021-04-15T20:32:57Z" name="setup" finished-at="2021-04-15T20:33:09Z" duration-ms="11910" status="PASS">
          <reporter-output>
          </reporter-output>
        </test-method> <!-- setup -->
        <test-method signature="logouttest()[pri:1, instance:com.testCases.JMB_DB_010@7cc0cdad]" started-at="2021-04-15T20:33:09Z" name="logouttest" finished-at="2021-04-15T20:33:15Z" duration-ms="6234" status="PASS">
          <reporter-output>
          </reporter-output>
        </test-method> <!-- logouttest -->
        <test-method is-config="true" signature="tearDown()[pri:0, instance:com.testCases.JMB_DB_010@7cc0cdad]" started-at="2021-04-15T20:33:15Z" name="tearDown" finished-at="2021-04-15T20:33:16Z" duration-ms="877" status="PASS">
          <reporter-output>
          </reporter-output>
        </test-method> <!-- tearDown -->
      </class> <!-- com.testCases.JMB_DB_010 -->
      <class name="com.testCases.JMB_DB_013">
        <test-method is-config="true" signature="setup()[pri:0, instance:com.testCases.JMB_DB_013@368f2016]" started-at="2021-04-15T20:32:36Z" name="setup" finished-at="2021-04-15T20:32:47Z" duration-ms="11019" status="PASS">
          <reporter-output>
          </reporter-output>
        </test-method> <!-- setup -->
        <test-method signature="testCompanyNameVisible()[pri:1, instance:com.testCases.JMB_DB_013@368f2016]" started-at="2021-04-15T20:32:47Z" name="testCompanyNameVisible" finished-at="2021-04-15T20:32:56Z" duration-ms="9048" status="PASS">
          <reporter-output>
          </reporter-output>
        </test-method> <!-- testCompanyNameVisible -->
        <test-method is-config="true" signature="tearDown()[pri:0, instance:com.testCases.JMB_DB_013@368f2016]" started-at="2021-04-15T20:32:56Z" name="tearDown" finished-at="2021-04-15T20:32:57Z" duration-ms="807" status="PASS">
          <reporter-output>
          </reporter-output>
        </test-method> <!-- tearDown -->
      </class> <!-- com.testCases.JMB_DB_013 -->
      <class name="com.testCases.JMB_DB_012">
        <test-method is-config="true" signature="setup()[pri:0, instance:com.testCases.JMB_DB_012@4d5d943d]" started-at="2021-04-15T20:32:17Z" name="setup" finished-at="2021-04-15T20:32:28Z" duration-ms="11336" status="PASS">
          <reporter-output>
          </reporter-output>
        </test-method> <!-- setup -->
        <test-method signature="testFirstJobTitleLink()[pri:1, instance:com.testCases.JMB_DB_012@4d5d943d]" started-at="2021-04-15T20:32:28Z" name="testFirstJobTitleLink" finished-at="2021-04-15T20:32:35Z" duration-ms="6882" status="PASS">
          <reporter-output>
          </reporter-output>
        </test-method> <!-- testFirstJobTitleLink -->
        <test-method is-config="true" signature="tearDown()[pri:0, instance:com.testCases.JMB_DB_012@4d5d943d]" started-at="2021-04-15T20:32:35Z" name="tearDown" finished-at="2021-04-15T20:32:36Z" duration-ms="872" status="PASS">
          <reporter-output>
          </reporter-output>
        </test-method> <!-- tearDown -->
      </class> <!-- com.testCases.JMB_DB_012 -->
    </test> <!-- TestNGTest1 -->
  </suite> <!-- JomboneTestSuite -->
</testng-results>
