<?xml version="1.0" encoding="UTF-8"?>
<!-- Generated by org.testng.reporters.JUnitXMLReporter -->
<testsuite ignored="0" hostname="DESKTOP-GM99TT4" failures="0" tests="14" name="TestNGTest1" time="271.507" errors="0" timestamp="15 Apr 2021 20:27:43 GMT">
  <testcase classname="com.testCases.JMB_CALogin_006" name="loginInvalidUsernameAndPassword" time="2.041"/>
  <testcase classname="com.testCases.JMB_CALogin_010" name="loginValidUsernameAndPassword" time="7.506"/>
  <testcase classname="com.testCases.JMB_DB_018" name="testFollowCompanyButtonScenario3" time="6.928"/>
  <testcase classname="com.testCases.JMB_CALogin_009" name="primaryContentIsDisplayed" time="1.969"/>
  <testcase classname="com.testCases.JMB_DB_017" name="testFollowCompanyButtonScenario2" time="8.412"/>
  <testcase classname="com.testCases.JMB_CALogin_008" name="clickOnForgotPasswordLink" time="2.147"/>
  <testcase classname="com.testCases.JMB_DB_016" name="testFollowCompanyButtonScenario1" time="11.512"/>
  <testcase classname="com.testCases.JMB_CALogin_007" name="clickOnSignUpLinktest" time="2.925"/>
  <testcase classname="com.testCases.JMB_DB_014" name="testJobLocationVisible" time="5.734"/>
  <testcase classname="com.testCases.JMB_DB_015" name="testCompanyLogo" time="8.651"/>
  <testcase classname="com.testCases.JMB_DB_012" name="testFirstJobTitleLink" time="5.82"/>
  <testcase classname="com.testCases.JMB_DB_013" name="testCompanyNameVisible" time="4.761"/>
  <testcase classname="com.testCases.JMB_DB_010" name="logouttest" time="5.775"/>
  <testcase classname="com.testCases.JMB_DB_011" name="testJomboneLink" time="8.704"/>
</testsuite> <!-- TestNGTest1 -->
